<?xml version="1.0" encoding="UTF-8"?>
<!-- Generated by org.testng.reporters.JUnitReportReporter -->
<testsuite hostname="P11-AS-6745VF2" name="com.orangehrm.tests.EmployeeListPageTest" tests="1" failures="0" timestamp="2 Apr 2019 04:44:30 GMT" time="23.771" errors="0">
  <testcase name="verifyAddEmployeeTest" time="23.771" classname="com.orangehrm.tests.EmployeeListPageTest"/>
</testsuite> <!-- com.orangehrm.tests.EmployeeListPageTest -->
