<?xml version="1.0" encoding="UTF-8"?>
<!-- Generated by org.testng.reporters.JUnitReportReporter -->
<testsuite hostname="P11-AS-6745VF2" name="com.orangehrm.tests.LoginPageTest" tests="1" failures="0" timestamp="2 Apr 2019 04:44:30 GMT" time="20.711" errors="0">
  <testcase name="loginTest" time="20.711" classname="com.orangehrm.tests.LoginPageTest"/>
</testsuite> <!-- com.orangehrm.tests.LoginPageTest -->
