<?xml version="1.0" encoding="UTF-8"?>
<!-- Generated by org.testng.reporters.JUnitReportReporter -->
<testsuite hostname="P11-AS-6745VF2" name="com.orangehrm.tests.HomePageTest" tests="1" failures="0" timestamp="2 Apr 2019 04:44:30 GMT" time="21.655" errors="0">
  <testcase name="verifyMouseHoverEmployeeDistributionGraph" time="21.655" classname="com.orangehrm.tests.HomePageTest"/>
</testsuite> <!-- com.orangehrm.tests.HomePageTest -->
